<?xml version="1.0" encoding="UTF-8"?>
<!-- Generated by org.testng.reporters.JUnitXMLReporter -->
<testsuite ignored="0" hostname="MSI" failures="0" tests="3" name="Default test" time="0.065" errors="0" timestamp="2024-09-16T12:42:26 IST">
  <testcase classname="com.testng.SimpleAnnotations" name="child" time="0.006"/>
  <testcase classname="com.testng.SimpleAnnotations" name="men" time="0.002"/>
  <testcase classname="com.testng.SimpleAnnotations" name="women" time="0.001"/>
</testsuite> <!-- Default test -->
